time=2025-05-28T14:45:46.432+05:00 level=INFO msg="Server starting on http://localhost:8080"
time=2025-05-28T14:48:28.832+05:00 level=INFO msg="Server starting on http://localhost:8080"
time=2025-05-28T14:48:49.549+05:00 level=INFO msg="Пользователь зашел в аккаунт" email=admin@gmail.com
time=2025-05-28T14:53:40.924+05:00 level=INFO msg="Server starting on http://localhost:8080"
time=2025-05-28T14:53:53.772+05:00 level=INFO msg="Пользователь зашел в аккаунт" email=admin@gmail.com
time=2025-05-28T14:54:43.146+05:00 level=INFO msg="Админ создал пользователя" email=test@gmail.com username=test role=moderator
time=2025-05-28T15:24:02.338+05:00 level=INFO msg="Server starting on http://localhost:8080"
time=2025-05-28T15:24:29.631+05:00 level=INFO msg="Пользователь зашел в аккаунт" email=user@gmail.com
time=2025-05-28T15:25:05.509+05:00 level=INFO msg="Автор отправил свою работу на проверку" автор=user@gmail.com
time=2025-05-28T15:26:13.396+05:00 level=INFO msg="Пользователь зашел в аккаунт" email=admin@gmail.com
time=2025-05-28T15:26:39.891+05:00 level=INFO msg="Пользователь зашел в аккаунт" email=moderator@gmail.com
time=2025-05-28T15:26:52.518+05:00 level=INFO msg="Модератор проверил и не одобрил статью" модератор=moderator@gmail.com
time=2025-05-28T15:27:06.312+05:00 level=INFO msg="Пользователь зашел в аккаунт" email=user@gmail.com
time=2025-05-28T15:30:34.539+05:00 level=INFO msg="Автор отправил свою работу на проверку" автор=user@gmail.com
time=2025-05-28T15:34:47.455+05:00 level=INFO msg="Пользователь зашел в аккаунт" email=moderator@gmail.com
time=2025-05-28T15:34:49.968+05:00 level=INFO msg="Модератор проверил и одобрил статью" модератор=moderator@gmail.com
time=2025-05-28T15:36:35.537+05:00 level=INFO msg="Пользователь зашел в аккаунт" email=user@gmail.com
time=2025-05-28T15:37:43.700+05:00 level=INFO msg="Server starting on http://localhost:8080"
time=2025-05-28T15:38:30.293+05:00 level=INFO msg="Пользователь зашел в аккаунт" email=user@gmail.com
time=2025-05-28T15:38:53.226+05:00 level=INFO msg="Автор исправил статью которую не одобрили" автор=<nil>
time=2025-05-28T15:40:00.725+05:00 level=INFO msg="Server starting on http://localhost:8080"
time=2025-05-28T15:40:23.282+05:00 level=INFO msg="Автор исправил статью которую не одобрили" автор=user@gmail.com
time=2025-05-29T09:33:40.067+05:00 level=INFO msg="Server starting on http://localhost:8080"
time=2025-05-29T09:34:19.064+05:00 level=INFO msg="Пользователь зашел в аккаунт" email=admin@gmail.com
time=2025-05-29T09:34:27.644+05:00 level=INFO msg="Server starting on http://localhost:8080"
time=2025-05-29T09:39:19.410+05:00 level=INFO msg="Server starting on http://localhost:8080"
time=2025-05-29T09:49:42.027+05:00 level=INFO msg="Server starting on http://localhost:8080"
time=2025-05-29T09:49:50.992+05:00 level=INFO msg="Пользователь зашел в аккаунт" email=admin@gmail.com
time=2025-05-29T09:50:05.848+05:00 level=INFO msg="Пользователь зашел в аккаунт" email=admin@gmail.com
time=2025-05-29T09:55:38.906+05:00 level=INFO msg="Server starting on http://localhost:8080"
time=2025-05-29T09:55:54.256+05:00 level=INFO msg="Пользователь зашел в аккаунт" email=admin@gmail.com
time=2025-05-29T09:56:06.840+05:00 level=INFO msg="Пользователь вышел из аккаунта" email=admin@gmail.com
time=2025-05-29T09:57:33.676+05:00 level=INFO msg="Пользователь зашел в аккаунт" email=admin@gmail.com
time=2025-05-29T09:57:36.676+05:00 level=INFO msg="Пользователь вышел из аккаунта" email=admin@gmail.com
time=2025-05-29T09:59:07.059+05:00 level=INFO msg="Пользователь зашел в аккаунт" email=user@gmail.com
time=2025-05-29T10:00:11.676+05:00 level=INFO msg="Server starting on http://localhost:8080"
time=2025-05-29T10:00:20.145+05:00 level=INFO msg="Пользователь вышел из аккаунта" email=user@gmail.com
time=2025-05-29T10:03:05.657+05:00 level=INFO msg="Пользователь зашел в аккаунт" email=user@gmail.com
time=2025-05-29T10:03:11.208+05:00 level=INFO msg="Пользователь вышел из аккаунта" email=user@gmail.com
time=2025-05-29T10:03:23.631+05:00 level=INFO msg="Пользователь зашел в аккаунт" email=moderator@gmail.com
time=2025-05-29T10:05:20.114+05:00 level=INFO msg="Server starting on http://localhost:8080"
time=2025-05-29T10:05:37.235+05:00 level=INFO msg="Модератор проверил и одобрил статью" модератор=moderator@gmail.com
time=2025-05-29T10:05:45.741+05:00 level=INFO msg="Модератор проверил и не одобрил статью" модератор=moderator@gmail.com
time=2025-05-29T10:06:04.004+05:00 level=INFO msg="Пользователь вышел из аккаунта" email=moderator@gmail.com
time=2025-05-29T10:06:15.563+05:00 level=INFO msg="Пользователь зашел в аккаунт" email=user@gmail.com
time=2025-05-29T10:06:59.988+05:00 level=INFO msg="Пользователь вышел из аккаунта" email=user@gmail.com
time=2025-05-29T10:07:45.319+05:00 level=INFO msg="Пользователь зашел в аккаунт" email=user@gmail.com
time=2025-05-29T10:07:51.850+05:00 level=INFO msg="Автор отправил свою работу на проверку" автор=user@gmail.com
time=2025-05-29T10:08:21.219+05:00 level=INFO msg="Пользователь зашел в аккаунт" email=user@gmail.com
time=2025-05-29T10:08:26.315+05:00 level=INFO msg="Пользователь вышел из аккаунта" email=user@gmail.com
time=2025-05-29T10:40:50.090+05:00 level=INFO msg="Server starting on http://localhost:8080"
time=2025-05-29T10:40:59.847+05:00 level=INFO msg="Кто то пытался зайти в аккаунт. Пароль был не правильным" Аккаунт=admin@gmail.com
time=2025-05-29T10:43:34.666+05:00 level=INFO msg="Server starting on http://localhost:8080"
time=2025-05-29T10:43:43.902+05:00 level=INFO msg="Пользователь зашел в аккаунт" email=admin@gmail.com
time=2025-05-29T10:44:15.491+05:00 level=INFO msg="Админ создал пользователя" email=author@gmail.com username=author role=author
time=2025-05-29T10:44:46.601+05:00 level=INFO msg="Админ создал пользователя" email=admin2@gmail.com username=admin2 role=admin
time=2025-05-29T10:45:01.539+05:00 level=INFO msg="Server starting on http://localhost:8080"
time=2025-05-29T10:45:49.117+05:00 level=INFO msg="Пользователь вышел из аккаунта" email=admin@gmail.com
time=2025-05-29T10:45:56.533+05:00 level=INFO msg="Пользователь зашел в аккаунт" email=admin2@gmail.com
time=2025-05-29T10:46:00.242+05:00 level=INFO msg="Пользователь вышел из аккаунта" email=admin2@gmail.com
time=2025-05-29T10:46:06.789+05:00 level=INFO msg="Пользователь зашел в аккаунт" email=author@gmail.com
time=2025-05-29T11:24:46.010+05:00 level=INFO msg="Автор отправил свою работу на проверку" автор=author@gmail.com
time=2025-05-29T11:24:59.449+05:00 level=INFO msg="Пользователь зашел в аккаунт" email=admin2@gmail.com
time=2025-05-29T11:25:21.680+05:00 level=INFO msg="Админ создал пользователя" email=moder@gmail.com username=mod role=moderator
time=2025-05-29T11:25:26.088+05:00 level=INFO msg="Пользователь вышел из аккаунта" email=admin2@gmail.com
time=2025-05-29T11:25:36.747+05:00 level=INFO msg="Пользователь зашел в аккаунт" email=moder@gmail.com
time=2025-05-29T11:25:42.129+05:00 level=INFO msg="Модератор проверил и одобрил статью" модератор=moder@gmail.com
time=2025-05-29T11:48:41.484+05:00 level=INFO msg="Server starting on http://localhost:8080"
time=2025-05-29T11:48:48.177+05:00 level=INFO msg="Пользователь вышел из аккаунта" email=moder@gmail.com
time=2025-05-29T11:49:11.374+05:00 level=INFO msg="Пользователь зашел в аккаунт" email=author@gmail.com
time=2025-05-29T11:49:39.727+05:00 level=INFO msg="Автор отправил свою работу на проверку" автор=author@gmail.com
time=2025-05-29T11:50:06.944+05:00 level=INFO msg="Был откланен опасный контент" отправитель=author@gmail.com
time=2025-05-29T11:50:08.959+05:00 level=INFO msg="Был откланен опасный контент" отправитель=author@gmail.com
time=2025-05-29T11:50:16.839+05:00 level=INFO msg="Был откланен опасный тайтл" отправитель=author@gmail.com
time=2025-05-29T11:50:17.363+05:00 level=INFO msg="Был откланен опасный тайтл" отправитель=author@gmail.com
time=2025-05-29T11:50:17.678+05:00 level=INFO msg="Был откланен опасный тайтл" отправитель=author@gmail.com
time=2025-05-29T11:50:17.866+05:00 level=INFO msg="Был откланен опасный тайтл" отправитель=author@gmail.com
time=2025-05-29T11:50:47.587+05:00 level=INFO msg="Был откланен опасный контент" отправитель=author@gmail.com
time=2025-05-29T11:53:58.445+05:00 level=INFO msg="Пользователь вышел из аккаунта" email=author@gmail.com
time=2025-05-29T12:07:35.825+05:00 level=INFO msg="Server starting on http://localhost:"
time=2025-05-29T12:08:11.488+05:00 level=INFO msg="Server starting on http://localhost:"
time=2025-05-29T12:30:24.041+05:00 level=ERROR msg="DB error" error="dial tcp: lookup port=: no such host"
time=2025-05-29T12:30:24.061+05:00 level=INFO msg="Server starting on http://localhost:8080"
time=2025-05-29T12:31:04.998+05:00 level=ERROR msg="DB error" error="dial tcp: lookup port=: no such host"
time=2025-05-29T12:31:05.022+05:00 level=INFO msg="Server starting on http://localhost:8080"
time=2025-05-29T14:17:03.859+05:00 level=INFO msg="Server starting on http://localhost:8080"
time=2025-05-29T14:18:08.484+05:00 level=INFO msg="Пользователь зашел в аккаунт" email=admin2@gmail.com
time=2025-05-29T14:18:27.355+05:00 level=INFO msg="Пользователь зашел в аккаунт" email=author@gmail.com
time=2025-05-29T14:19:05.502+05:00 level=INFO msg="Автор отправил свою работу на проверку" автор=author@gmail.com
time=2025-05-29T14:19:44.709+05:00 level=INFO msg="Был откланен опасный контент" отправитель=author@gmail.com
time=2025-05-29T14:19:45.275+05:00 level=INFO msg="Был откланен опасный контент" отправитель=author@gmail.com
time=2025-05-29T14:20:06.471+05:00 level=INFO msg="Был откланен опасный контент" отправитель=author@gmail.com
time=2025-05-29T14:20:07.371+05:00 level=INFO msg="Был откланен опасный контент" отправитель=author@gmail.com
time=2025-05-29T14:24:58.063+05:00 level=INFO msg="Автор отправил свою работу на проверку" автор=author@gmail.com
time=2025-05-29T14:25:02.114+05:00 level=INFO msg="Пользователь вышел из аккаунта" email=author@gmail.com
time=2025-05-29T14:25:15.372+05:00 level=INFO msg="Пользователь зашел в аккаунт" email=moder@gmail.com
time=2025-05-29T14:25:21.284+05:00 level=INFO msg="Модератор проверил и одобрил статью" модератор=moder@gmail.com
time=2025-05-29T14:50:28.461+05:00 level=INFO msg="Server starting on http://localhost:8080"
time=2025-05-29T14:53:29.973+05:00 level=INFO msg="Пользователь вышел из аккаунта" email=moder@gmail.com
time=2025-05-29T14:53:45.151+05:00 level=INFO msg="Пользователь зашел в аккаунт" email=moder@gmail.com
time=2025-05-29T14:54:26.981+05:00 level=INFO msg="Пользователь зашел в аккаунт" email=author@gmail.com
time=2025-05-29T14:54:49.970+05:00 level=INFO msg="Автор отправил свою работу на проверку" автор=author@gmail.com
time=2025-05-29T15:11:31.909+05:00 level=INFO msg="Server starting on http://localhost:8080"
time=2025-05-29T15:12:20.772+05:00 level=INFO msg="Пользователь вышел из аккаунта" email=author@gmail.com
time=2025-05-29T15:12:30.702+05:00 level=INFO msg="Пользователь зашел в аккаунт" email=moder@gmail.com
time=2025-05-29T15:12:35.698+05:00 level=INFO msg="Модератор проверил и не одобрил статью" модератор=moder@gmail.com
time=2025-05-29T15:12:48.380+05:00 level=INFO msg="Пользователь вышел из аккаунта" email=moder@gmail.com
time=2025-05-29T15:13:00.257+05:00 level=INFO msg="Кто то пытался зайти в аккаунт. Пароль был не правильным" Аккаунт=author@gmail.com
time=2025-05-29T15:13:04.145+05:00 level=INFO msg="Пользователь зашел в аккаунт" email=author@gmail.com
time=2025-05-29T15:13:21.633+05:00 level=INFO msg="Был откланен опасный контент" отправитель=author@gmail.com
time=2025-05-29T15:13:41.662+05:00 level=INFO msg="Был откланен опасный тайтл" отправитель=author@gmail.com
time=2025-05-29T15:14:05.210+05:00 level=INFO msg="Автор исправил статью которую не одобрили" автор=author@gmail.com
time=2025-05-29T15:14:10.208+05:00 level=INFO msg="Пользователь вышел из аккаунта" email=author@gmail.com
time=2025-05-29T15:14:19.703+05:00 level=INFO msg="Пользователь зашел в аккаунт" email=moder@gmail.com
time=2025-05-29T15:14:28.916+05:00 level=INFO msg="Модератор проверил и одобрил статью" модератор=moder@gmail.com
time=2025-05-29T17:56:38.437+05:00 level=ERROR msg="DB error" error="dial tcp [::1]:1234: connectex: No connection could be made because the target machine actively refused it."
time=2025-05-29T17:56:38.456+05:00 level=INFO msg="Server starting on http://localhost:8080"
time=2025-05-29T17:57:35.022+05:00 level=INFO msg="http: panic serving [::1]:64270: runtime error: invalid memory address or nil pointer dereference\ngoroutine 12 [running]:\nnet/http.(*conn).serve.func1()\n\tC:/Users/Lenovo/go/pkg/mod/golang.org/toolchain@v0.0.1-go1.23.9.windows-amd64/src/net/http/server.go:1947 +0xbe\npanic({0x61dfe0?, 0x9410f0?})\n\tC:/Users/Lenovo/go/pkg/mod/golang.org/toolchain@v0.0.1-go1.23.9.windows-amd64/src/runtime/panic.go:791 +0x132\ndatabase/sql.(*DB).conn(0x0, {0x718020, 0x99a920}, 0x1)\n\tC:/Users/Lenovo/go/pkg/mod/golang.org/toolchain@v0.0.1-go1.23.9.windows-amd64/src/database/sql/sql.go:1309 +0x54\ndatabase/sql.(*DB).query(0x0, {0x718020, 0x99a920}, {0x69776b, 0x50}, {0xc00019d888, 0x1, 0x1}, 0x20?)\n\tC:/Users/Lenovo/go/pkg/mod/golang.org/toolchain@v0.0.1-go1.23.9.windows-amd64/src/database/sql/sql.go:1751 +0x57\ndatabase/sql.(*DB).QueryContext.func1(0x10?)\n\tC:/Users/Lenovo/go/pkg/mod/golang.org/toolchain@v0.0.1-go1.23.9.windows-amd64/src/database/sql/sql.go:1734 +0x4f\ndatabase/sql.(*DB).retry(0x1?, 0xc00019d780)\n\tC:/Users/Lenovo/go/pkg/mod/golang.org/toolchain@v0.0.1-go1.23.9.windows-amd64/src/database/sql/sql.go:1568 +0x42\ndatabase/sql.(*DB).QueryContext(0x5fc040?, {0x718020?, 0x99a920?}, {0x69776b?, 0x0?}, {0xc00019d888?, 0xc00019d840?, 0x335a25?})\n\tC:/Users/Lenovo/go/pkg/mod/golang.org/toolchain@v0.0.1-go1.23.9.windows-amd64/src/database/sql/sql.go:1733 +0xc5\ndatabase/sql.(*DB).QueryRowContext(...)\n\tC:/Users/Lenovo/go/pkg/mod/golang.org/toolchain@v0.0.1-go1.23.9.windows-amd64/src/database/sql/sql.go:1834\ndatabase/sql.(*DB).QueryRow(0xc000315070?, {0x69776b?, 0xc000312b60?}, {0xc00019d888?, 0x561326?, 0x16?})\n\tC:/Users/Lenovo/go/pkg/mod/golang.org/toolchain@v0.0.1-go1.23.9.windows-amd64/src/database/sql/sql.go:1848 +0x45\nAuthorization/internal/adapter/repository/postgres.(*PostgresUserRepository).GetUserByEmail(0xc000066340, {0xc000315070, 0x10})\n\tC:/Users/Lenovo/OneDrive/Рабочий стол/GTS/Authorization/internal/adapter/repository/postgres/user_postgres.go:18 +0x98\nAuthorization/internal/adapter/handler.(*Handler).LoginHandler(0xc00027df50, {0x7179b0, 0xc0002fa1c0}, 0xc0002e4c80)\n\tC:/Users/Lenovo/OneDrive/Рабочий стол/GTS/Authorization/internal/adapter/handler/login.go:36 +0x11a\nnet/http.HandlerFunc.ServeHTTP(0xc0002fa0e0?, {0x7179b0?, 0xc0002fa1c0?}, 0x683859bf?)\n\tC:/Users/Lenovo/go/pkg/mod/golang.org/toolchain@v0.0.1-go1.23.9.windows-amd64/src/net/http/server.go:2220 +0x29\nnet/http.(*ServeMux).ServeHTTP(0x2ddae5?, {0x7179b0, 0xc0002fa1c0}, 0xc0002e4c80)\n\tC:/Users/Lenovo/go/pkg/mod/golang.org/toolchain@v0.0.1-go1.23.9.windows-amd64/src/net/http/server.go:2747 +0x1ca\nnet/http.serverHandler.ServeHTTP({0x7165b8?}, {0x7179b0?, 0xc0002fa1c0?}, 0x6?)\n\tC:/Users/Lenovo/go/pkg/mod/golang.org/toolchain@v0.0.1-go1.23.9.windows-amd64/src/net/http/server.go:3210 +0x8e\nnet/http.(*conn).serve(0xc00013c750, {0x718258, 0xc000336420})\n\tC:/Users/Lenovo/go/pkg/mod/golang.org/toolchain@v0.0.1-go1.23.9.windows-amd64/src/net/http/server.go:2092 +0x5d0\ncreated by net/http.(*Server).Serve in goroutine 1\n\tC:/Users/Lenovo/go/pkg/mod/golang.org/toolchain@v0.0.1-go1.23.9.windows-amd64/src/net/http/server.go:3360 +0x485"
time=2025-05-29T17:57:35.023+05:00 level=INFO msg="http: panic serving [::1]:64274: runtime error: invalid memory address or nil pointer dereference\ngoroutine 18 [running]:\nnet/http.(*conn).serve.func1()\n\tC:/Users/Lenovo/go/pkg/mod/golang.org/toolchain@v0.0.1-go1.23.9.windows-amd64/src/net/http/server.go:1947 +0xbe\npanic({0x61dfe0?, 0x9410f0?})\n\tC:/Users/Lenovo/go/pkg/mod/golang.org/toolchain@v0.0.1-go1.23.9.windows-amd64/src/runtime/panic.go:791 +0x132\ndatabase/sql.(*DB).conn(0x0, {0x718020, 0x99a920}, 0x1)\n\tC:/Users/Lenovo/go/pkg/mod/golang.org/toolchain@v0.0.1-go1.23.9.windows-amd64/src/database/sql/sql.go:1309 +0x54\ndatabase/sql.(*DB).query(0x0, {0x718020, 0x99a920}, {0x69776b, 0x50}, {0xc00019d888, 0x1, 0x1}, 0x20?)\n\tC:/Users/Lenovo/go/pkg/mod/golang.org/toolchain@v0.0.1-go1.23.9.windows-amd64/src/database/sql/sql.go:1751 +0x57\ndatabase/sql.(*DB).QueryContext.func1(0x10?)\n\tC:/Users/Lenovo/go/pkg/mod/golang.org/toolchain@v0.0.1-go1.23.9.windows-amd64/src/database/sql/sql.go:1734 +0x4f\ndatabase/sql.(*DB).retry(0x1?, 0xc00019d780)\n\tC:/Users/Lenovo/go/pkg/mod/golang.org/toolchain@v0.0.1-go1.23.9.windows-amd64/src/database/sql/sql.go:1568 +0x42\ndatabase/sql.(*DB).QueryContext(0x5fc040?, {0x718020?, 0x99a920?}, {0x69776b?, 0x0?}, {0xc00019d888?, 0xc00019d840?, 0x335a25?})\n\tC:/Users/Lenovo/go/pkg/mod/golang.org/toolchain@v0.0.1-go1.23.9.windows-amd64/src/database/sql/sql.go:1733 +0xc5\ndatabase/sql.(*DB).QueryRowContext(...)\n\tC:/Users/Lenovo/go/pkg/mod/golang.org/toolchain@v0.0.1-go1.23.9.windows-amd64/src/database/sql/sql.go:1834\ndatabase/sql.(*DB).QueryRow(0xc0000881f0?, {0x69776b?, 0xc0000bc060?}, {0xc00019d888?, 0x561326?, 0x16?})\n\tC:/Users/Lenovo/go/pkg/mod/golang.org/toolchain@v0.0.1-go1.23.9.windows-amd64/src/database/sql/sql.go:1848 +0x45\nAuthorization/internal/adapter/repository/postgres.(*PostgresUserRepository).GetUserByEmail(0xc000066340, {0xc0000881f0, 0x10})\n\tC:/Users/Lenovo/OneDrive/Рабочий стол/GTS/Authorization/internal/adapter/repository/postgres/user_postgres.go:18 +0x98\nAuthorization/internal/adapter/handler.(*Handler).LoginHandler(0xc00027df50, {0x7179b0, 0xc0000b80e0}, 0xc000096000)\n\tC:/Users/Lenovo/OneDrive/Рабочий стол/GTS/Authorization/internal/adapter/handler/login.go:36 +0x11a\nnet/http.HandlerFunc.ServeHTTP(0xc0002fa0e0?, {0x7179b0?, 0xc0000b80e0?}, 0x683859bf?)\n\tC:/Users/Lenovo/go/pkg/mod/golang.org/toolchain@v0.0.1-go1.23.9.windows-amd64/src/net/http/server.go:2220 +0x29\nnet/http.(*ServeMux).ServeHTTP(0x2ddae5?, {0x7179b0, 0xc0000b80e0}, 0xc000096000)\n\tC:/Users/Lenovo/go/pkg/mod/golang.org/toolchain@v0.0.1-go1.23.9.windows-amd64/src/net/http/server.go:2747 +0x1ca\nnet/http.serverHandler.ServeHTTP({0x7165b8?}, {0x7179b0?, 0xc0000b80e0?}, 0x6?)\n\tC:/Users/Lenovo/go/pkg/mod/golang.org/toolchain@v0.0.1-go1.23.9.windows-amd64/src/net/http/server.go:3210 +0x8e\nnet/http.(*conn).serve(0xc0001a6000, {0x718258, 0xc000336420})\n\tC:/Users/Lenovo/go/pkg/mod/golang.org/toolchain@v0.0.1-go1.23.9.windows-amd64/src/net/http/server.go:2092 +0x5d0\ncreated by net/http.(*Server).Serve in goroutine 1\n\tC:/Users/Lenovo/go/pkg/mod/golang.org/toolchain@v0.0.1-go1.23.9.windows-amd64/src/net/http/server.go:3360 +0x485"
time=2025-05-29T17:57:35.025+05:00 level=INFO msg="http: panic serving [::1]:64287: runtime error: invalid memory address or nil pointer dereference\ngoroutine 36 [running]:\nnet/http.(*conn).serve.func1()\n\tC:/Users/Lenovo/go/pkg/mod/golang.org/toolchain@v0.0.1-go1.23.9.windows-amd64/src/net/http/server.go:1947 +0xbe\npanic({0x61dfe0?, 0x9410f0?})\n\tC:/Users/Lenovo/go/pkg/mod/golang.org/toolchain@v0.0.1-go1.23.9.windows-amd64/src/runtime/panic.go:791 +0x132\ndatabase/sql.(*DB).conn(0x0, {0x718020, 0x99a920}, 0x1)\n\tC:/Users/Lenovo/go/pkg/mod/golang.org/toolchain@v0.0.1-go1.23.9.windows-amd64/src/database/sql/sql.go:1309 +0x54\ndatabase/sql.(*DB).query(0x0, {0x718020, 0x99a920}, {0x69776b, 0x50}, {0xc00019d888, 0x1, 0x1}, 0x20?)\n\tC:/Users/Lenovo/go/pkg/mod/golang.org/toolchain@v0.0.1-go1.23.9.windows-amd64/src/database/sql/sql.go:1751 +0x57\ndatabase/sql.(*DB).QueryContext.func1(0x10?)\n\tC:/Users/Lenovo/go/pkg/mod/golang.org/toolchain@v0.0.1-go1.23.9.windows-amd64/src/database/sql/sql.go:1734 +0x4f\ndatabase/sql.(*DB).retry(0x1?, 0xc00019d780)\n\tC:/Users/Lenovo/go/pkg/mod/golang.org/toolchain@v0.0.1-go1.23.9.windows-amd64/src/database/sql/sql.go:1568 +0x42\ndatabase/sql.(*DB).QueryContext(0x5fc040?, {0x718020?, 0x99a920?}, {0x69776b?, 0x0?}, {0xc00019d888?, 0xc00019d840?, 0x335a25?})\n\tC:/Users/Lenovo/go/pkg/mod/golang.org/toolchain@v0.0.1-go1.23.9.windows-amd64/src/database/sql/sql.go:1733 +0xc5\ndatabase/sql.(*DB).QueryRowContext(...)\n\tC:/Users/Lenovo/go/pkg/mod/golang.org/toolchain@v0.0.1-go1.23.9.windows-amd64/src/database/sql/sql.go:1834\ndatabase/sql.(*DB).QueryRow(0xc0000882e0?, {0x69776b?, 0xc0000bc0a0?}, {0xc00019d888?, 0x561326?, 0x16?})\n\tC:/Users/Lenovo/go/pkg/mod/golang.org/toolchain@v0.0.1-go1.23.9.windows-amd64/src/database/sql/sql.go:1848 +0x45\nAuthorization/internal/adapter/repository/postgres.(*PostgresUserRepository).GetUserByEmail(0xc000066340, {0xc0000882e0, 0x10})\n\tC:/Users/Lenovo/OneDrive/Рабочий стол/GTS/Authorization/internal/adapter/repository/postgres/user_postgres.go:18 +0x98\nAuthorization/internal/adapter/handler.(*Handler).LoginHandler(0xc00027df50, {0x7179b0, 0xc0000b81c0}, 0xc000194140)\n\tC:/Users/Lenovo/OneDrive/Рабочий стол/GTS/Authorization/internal/adapter/handler/login.go:36 +0x11a\nnet/http.HandlerFunc.ServeHTTP(0xc0002fa0e0?, {0x7179b0?, 0xc0000b81c0?}, 0x683859bf?)\n\tC:/Users/Lenovo/go/pkg/mod/golang.org/toolchain@v0.0.1-go1.23.9.windows-amd64/src/net/http/server.go:2220 +0x29\nnet/http.(*ServeMux).ServeHTTP(0x2ddae5?, {0x7179b0, 0xc0000b81c0}, 0xc000194140)\n\tC:/Users/Lenovo/go/pkg/mod/golang.org/toolchain@v0.0.1-go1.23.9.windows-amd64/src/net/http/server.go:2747 +0x1ca\nnet/http.serverHandler.ServeHTTP({0x7165b8?}, {0x7179b0?, 0xc0000b81c0?}, 0x6?)\n\tC:/Users/Lenovo/go/pkg/mod/golang.org/toolchain@v0.0.1-go1.23.9.windows-amd64/src/net/http/server.go:3210 +0x8e\nnet/http.(*conn).serve(0xc00009a240, {0x718258, 0xc000336420})\n\tC:/Users/Lenovo/go/pkg/mod/golang.org/toolchain@v0.0.1-go1.23.9.windows-amd64/src/net/http/server.go:2092 +0x5d0\ncreated by net/http.(*Server).Serve in goroutine 1\n\tC:/Users/Lenovo/go/pkg/mod/golang.org/toolchain@v0.0.1-go1.23.9.windows-amd64/src/net/http/server.go:3360 +0x485"
time=2025-05-29T17:57:37.323+05:00 level=INFO msg="http: panic serving [::1]:64288: runtime error: invalid memory address or nil pointer dereference\ngoroutine 14 [running]:\nnet/http.(*conn).serve.func1()\n\tC:/Users/Lenovo/go/pkg/mod/golang.org/toolchain@v0.0.1-go1.23.9.windows-amd64/src/net/http/server.go:1947 +0xbe\npanic({0x61dfe0?, 0x9410f0?})\n\tC:/Users/Lenovo/go/pkg/mod/golang.org/toolchain@v0.0.1-go1.23.9.windows-amd64/src/runtime/panic.go:791 +0x132\ndatabase/sql.(*DB).conn(0x0, {0x718020, 0x99a920}, 0x1)\n\tC:/Users/Lenovo/go/pkg/mod/golang.org/toolchain@v0.0.1-go1.23.9.windows-amd64/src/database/sql/sql.go:1309 +0x54\ndatabase/sql.(*DB).query(0x0, {0x718020, 0x99a920}, {0x69776b, 0x50}, {0xc00019d888, 0x1, 0x1}, 0x20?)\n\tC:/Users/Lenovo/go/pkg/mod/golang.org/toolchain@v0.0.1-go1.23.9.windows-amd64/src/database/sql/sql.go:1751 +0x57\ndatabase/sql.(*DB).QueryContext.func1(0x10?)\n\tC:/Users/Lenovo/go/pkg/mod/golang.org/toolchain@v0.0.1-go1.23.9.windows-amd64/src/database/sql/sql.go:1734 +0x4f\ndatabase/sql.(*DB).retry(0x1?, 0xc00019d780)\n\tC:/Users/Lenovo/go/pkg/mod/golang.org/toolchain@v0.0.1-go1.23.9.windows-amd64/src/database/sql/sql.go:1568 +0x42\ndatabase/sql.(*DB).QueryContext(0x5fc040?, {0x718020?, 0x99a920?}, {0x69776b?, 0x0?}, {0xc00019d888?, 0xc00019d840?, 0x335a25?})\n\tC:/Users/Lenovo/go/pkg/mod/golang.org/toolchain@v0.0.1-go1.23.9.windows-amd64/src/database/sql/sql.go:1733 +0xc5\ndatabase/sql.(*DB).QueryRowContext(...)\n\tC:/Users/Lenovo/go/pkg/mod/golang.org/toolchain@v0.0.1-go1.23.9.windows-amd64/src/database/sql/sql.go:1834\ndatabase/sql.(*DB).QueryRow(0xc000315160?, {0x69776b?, 0xc000312ba0?}, {0xc00019d888?, 0x561326?, 0x16?})\n\tC:/Users/Lenovo/go/pkg/mod/golang.org/toolchain@v0.0.1-go1.23.9.windows-amd64/src/database/sql/sql.go:1848 +0x45\nAuthorization/internal/adapter/repository/postgres.(*PostgresUserRepository).GetUserByEmail(0xc000066340, {0xc000315160, 0x10})\n\tC:/Users/Lenovo/OneDrive/Рабочий стол/GTS/Authorization/internal/adapter/repository/postgres/user_postgres.go:18 +0x98\nAuthorization/internal/adapter/handler.(*Handler).LoginHandler(0xc00027df50, {0x7179b0, 0xc0002fa2a0}, 0xc0000963c0)\n\tC:/Users/Lenovo/OneDrive/Рабочий стол/GTS/Authorization/internal/adapter/handler/login.go:36 +0x11a\nnet/http.HandlerFunc.ServeHTTP(0xc0002fa0e0?, {0x7179b0?, 0xc0002fa2a0?}, 0x683859c1?)\n\tC:/Users/Lenovo/go/pkg/mod/golang.org/toolchain@v0.0.1-go1.23.9.windows-amd64/src/net/http/server.go:2220 +0x29\nnet/http.(*ServeMux).ServeHTTP(0x2ddae5?, {0x7179b0, 0xc0002fa2a0}, 0xc0000963c0)\n\tC:/Users/Lenovo/go/pkg/mod/golang.org/toolchain@v0.0.1-go1.23.9.windows-amd64/src/net/http/server.go:2747 +0x1ca\nnet/http.serverHandler.ServeHTTP({0x7165b8?}, {0x7179b0?, 0xc0002fa2a0?}, 0x6?)\n\tC:/Users/Lenovo/go/pkg/mod/golang.org/toolchain@v0.0.1-go1.23.9.windows-amd64/src/net/http/server.go:3210 +0x8e\nnet/http.(*conn).serve(0xc00013c900, {0x718258, 0xc000336420})\n\tC:/Users/Lenovo/go/pkg/mod/golang.org/toolchain@v0.0.1-go1.23.9.windows-amd64/src/net/http/server.go:2092 +0x5d0\ncreated by net/http.(*Server).Serve in goroutine 1\n\tC:/Users/Lenovo/go/pkg/mod/golang.org/toolchain@v0.0.1-go1.23.9.windows-amd64/src/net/http/server.go:3360 +0x485"
time=2025-05-29T17:57:37.944+05:00 level=INFO msg="http: panic serving [::1]:64289: runtime error: invalid memory address or nil pointer dereference\ngoroutine 16 [running]:\nnet/http.(*conn).serve.func1()\n\tC:/Users/Lenovo/go/pkg/mod/golang.org/toolchain@v0.0.1-go1.23.9.windows-amd64/src/net/http/server.go:1947 +0xbe\npanic({0x61dfe0?, 0x9410f0?})\n\tC:/Users/Lenovo/go/pkg/mod/golang.org/toolchain@v0.0.1-go1.23.9.windows-amd64/src/runtime/panic.go:791 +0x132\ndatabase/sql.(*DB).conn(0x0, {0x718020, 0x99a920}, 0x1)\n\tC:/Users/Lenovo/go/pkg/mod/golang.org/toolchain@v0.0.1-go1.23.9.windows-amd64/src/database/sql/sql.go:1309 +0x54\ndatabase/sql.(*DB).query(0x0, {0x718020, 0x99a920}, {0x69776b, 0x50}, {0xc000199888, 0x1, 0x1}, 0x20?)\n\tC:/Users/Lenovo/go/pkg/mod/golang.org/toolchain@v0.0.1-go1.23.9.windows-amd64/src/database/sql/sql.go:1751 +0x57\ndatabase/sql.(*DB).QueryContext.func1(0x10?)\n\tC:/Users/Lenovo/go/pkg/mod/golang.org/toolchain@v0.0.1-go1.23.9.windows-amd64/src/database/sql/sql.go:1734 +0x4f\ndatabase/sql.(*DB).retry(0x1?, 0xc000199780)\n\tC:/Users/Lenovo/go/pkg/mod/golang.org/toolchain@v0.0.1-go1.23.9.windows-amd64/src/database/sql/sql.go:1568 +0x42\ndatabase/sql.(*DB).QueryContext(0x5fc040?, {0x718020?, 0x99a920?}, {0x69776b?, 0x0?}, {0xc000199888?, 0xc000199840?, 0x335a25?})\n\tC:/Users/Lenovo/go/pkg/mod/golang.org/toolchain@v0.0.1-go1.23.9.windows-amd64/src/database/sql/sql.go:1733 +0xc5\ndatabase/sql.(*DB).QueryRowContext(...)\n\tC:/Users/Lenovo/go/pkg/mod/golang.org/toolchain@v0.0.1-go1.23.9.windows-amd64/src/database/sql/sql.go:1834\ndatabase/sql.(*DB).QueryRow(0xc0000883e0?, {0x69776b?, 0xc0000bc0c0?}, {0xc000199888?, 0x561326?, 0x16?})\n\tC:/Users/Lenovo/go/pkg/mod/golang.org/toolchain@v0.0.1-go1.23.9.windows-amd64/src/database/sql/sql.go:1848 +0x45\nAuthorization/internal/adapter/repository/postgres.(*PostgresUserRepository).GetUserByEmail(0xc000066340, {0xc0000883e0, 0x10})\n\tC:/Users/Lenovo/OneDrive/Рабочий стол/GTS/Authorization/internal/adapter/repository/postgres/user_postgres.go:18 +0x98\nAuthorization/internal/adapter/handler.(*Handler).LoginHandler(0xc00027df50, {0x7179b0, 0xc0000b82a0}, 0xc0002e5040)\n\tC:/Users/Lenovo/OneDrive/Рабочий стол/GTS/Authorization/internal/adapter/handler/login.go:36 +0x11a\nnet/http.HandlerFunc.ServeHTTP(0xc0002fa0e0?, {0x7179b0?, 0xc0000b82a0?}, 0x683859c1?)\n\tC:/Users/Lenovo/go/pkg/mod/golang.org/toolchain@v0.0.1-go1.23.9.windows-amd64/src/net/http/server.go:2220 +0x29\nnet/http.(*ServeMux).ServeHTTP(0x2ddae5?, {0x7179b0, 0xc0000b82a0}, 0xc0002e5040)\n\tC:/Users/Lenovo/go/pkg/mod/golang.org/toolchain@v0.0.1-go1.23.9.windows-amd64/src/net/http/server.go:2747 +0x1ca\nnet/http.serverHandler.ServeHTTP({0x7165b8?}, {0x7179b0?, 0xc0000b82a0?}, 0x6?)\n\tC:/Users/Lenovo/go/pkg/mod/golang.org/toolchain@v0.0.1-go1.23.9.windows-amd64/src/net/http/server.go:3210 +0x8e\nnet/http.(*conn).serve(0xc00013cab0, {0x718258, 0xc000336420})\n\tC:/Users/Lenovo/go/pkg/mod/golang.org/toolchain@v0.0.1-go1.23.9.windows-amd64/src/net/http/server.go:2092 +0x5d0\ncreated by net/http.(*Server).Serve in goroutine 1\n\tC:/Users/Lenovo/go/pkg/mod/golang.org/toolchain@v0.0.1-go1.23.9.windows-amd64/src/net/http/server.go:3360 +0x485"
time=2025-05-29T17:57:38.104+05:00 level=INFO msg="http: panic serving [::1]:64290: runtime error: invalid memory address or nil pointer dereference\ngoroutine 39 [running]:\nnet/http.(*conn).serve.func1()\n\tC:/Users/Lenovo/go/pkg/mod/golang.org/toolchain@v0.0.1-go1.23.9.windows-amd64/src/net/http/server.go:1947 +0xbe\npanic({0x61dfe0?, 0x9410f0?})\n\tC:/Users/Lenovo/go/pkg/mod/golang.org/toolchain@v0.0.1-go1.23.9.windows-amd64/src/runtime/panic.go:791 +0x132\ndatabase/sql.(*DB).conn(0x0, {0x718020, 0x99a920}, 0x1)\n\tC:/Users/Lenovo/go/pkg/mod/golang.org/toolchain@v0.0.1-go1.23.9.windows-amd64/src/database/sql/sql.go:1309 +0x54\ndatabase/sql.(*DB).query(0x0, {0x718020, 0x99a920}, {0x69776b, 0x50}, {0xc0001cf888, 0x1, 0x1}, 0x20?)\n\tC:/Users/Lenovo/go/pkg/mod/golang.org/toolchain@v0.0.1-go1.23.9.windows-amd64/src/database/sql/sql.go:1751 +0x57\ndatabase/sql.(*DB).QueryContext.func1(0x10?)\n\tC:/Users/Lenovo/go/pkg/mod/golang.org/toolchain@v0.0.1-go1.23.9.windows-amd64/src/database/sql/sql.go:1734 +0x4f\ndatabase/sql.(*DB).retry(0x1?, 0xc0001cf780)\n\tC:/Users/Lenovo/go/pkg/mod/golang.org/toolchain@v0.0.1-go1.23.9.windows-amd64/src/database/sql/sql.go:1568 +0x42\ndatabase/sql.(*DB).QueryContext(0x5fc040?, {0x718020?, 0x99a920?}, {0x69776b?, 0x0?}, {0xc0001cf888?, 0xc0001cf840?, 0x335a25?})\n\tC:/Users/Lenovo/go/pkg/mod/golang.org/toolchain@v0.0.1-go1.23.9.windows-amd64/src/database/sql/sql.go:1733 +0xc5\ndatabase/sql.(*DB).QueryRowContext(...)\n\tC:/Users/Lenovo/go/pkg/mod/golang.org/toolchain@v0.0.1-go1.23.9.windows-amd64/src/database/sql/sql.go:1834\ndatabase/sql.(*DB).QueryRow(0xc000186120?, {0x69776b?, 0xc00019e040?}, {0xc0001cf888?, 0x561326?, 0x16?})\n\tC:/Users/Lenovo/go/pkg/mod/golang.org/toolchain@v0.0.1-go1.23.9.windows-amd64/src/database/sql/sql.go:1848 +0x45\nAuthorization/internal/adapter/repository/postgres.(*PostgresUserRepository).GetUserByEmail(0xc000066340, {0xc000186120, 0x10})\n\tC:/Users/Lenovo/OneDrive/Рабочий стол/GTS/Authorization/internal/adapter/repository/postgres/user_postgres.go:18 +0x98\nAuthorization/internal/adapter/handler.(*Handler).LoginHandler(0xc00027df50, {0x7179b0, 0xc0001ba000}, 0xc000194280)\n\tC:/Users/Lenovo/OneDrive/Рабочий стол/GTS/Authorization/internal/adapter/handler/login.go:36 +0x11a\nnet/http.HandlerFunc.ServeHTTP(0xc0002fa0e0?, {0x7179b0?, 0xc0001ba000?}, 0x683859c2?)\n\tC:/Users/Lenovo/go/pkg/mod/golang.org/toolchain@v0.0.1-go1.23.9.windows-amd64/src/net/http/server.go:2220 +0x29\nnet/http.(*ServeMux).ServeHTTP(0x2ddae5?, {0x7179b0, 0xc0001ba000}, 0xc000194280)\n\tC:/Users/Lenovo/go/pkg/mod/golang.org/toolchain@v0.0.1-go1.23.9.windows-amd64/src/net/http/server.go:2747 +0x1ca\nnet/http.serverHandler.ServeHTTP({0x7165b8?}, {0x7179b0?, 0xc0001ba000?}, 0x6?)\n\tC:/Users/Lenovo/go/pkg/mod/golang.org/toolchain@v0.0.1-go1.23.9.windows-amd64/src/net/http/server.go:3210 +0x8e\nnet/http.(*conn).serve(0xc00009a510, {0x718258, 0xc000336420})\n\tC:/Users/Lenovo/go/pkg/mod/golang.org/toolchain@v0.0.1-go1.23.9.windows-amd64/src/net/http/server.go:2092 +0x5d0\ncreated by net/http.(*Server).Serve in goroutine 1\n\tC:/Users/Lenovo/go/pkg/mod/golang.org/toolchain@v0.0.1-go1.23.9.windows-amd64/src/net/http/server.go:3360 +0x485"
time=2025-05-29T17:57:38.385+05:00 level=INFO msg="http: panic serving [::1]:64291: runtime error: invalid memory address or nil pointer dereference\ngoroutine 20 [running]:\nnet/http.(*conn).serve.func1()\n\tC:/Users/Lenovo/go/pkg/mod/golang.org/toolchain@v0.0.1-go1.23.9.windows-amd64/src/net/http/server.go:1947 +0xbe\npanic({0x61dfe0?, 0x9410f0?})\n\tC:/Users/Lenovo/go/pkg/mod/golang.org/toolchain@v0.0.1-go1.23.9.windows-amd64/src/runtime/panic.go:791 +0x132\ndatabase/sql.(*DB).conn(0x0, {0x718020, 0x99a920}, 0x1)\n\tC:/Users/Lenovo/go/pkg/mod/golang.org/toolchain@v0.0.1-go1.23.9.windows-amd64/src/database/sql/sql.go:1309 +0x54\ndatabase/sql.(*DB).query(0x0, {0x718020, 0x99a920}, {0x69776b, 0x50}, {0xc0001cf888, 0x1, 0x1}, 0x20?)\n\tC:/Users/Lenovo/go/pkg/mod/golang.org/toolchain@v0.0.1-go1.23.9.windows-amd64/src/database/sql/sql.go:1751 +0x57\ndatabase/sql.(*DB).QueryContext.func1(0x10?)\n\tC:/Users/Lenovo/go/pkg/mod/golang.org/toolchain@v0.0.1-go1.23.9.windows-amd64/src/database/sql/sql.go:1734 +0x4f\ndatabase/sql.(*DB).retry(0x1?, 0xc0001cf780)\n\tC:/Users/Lenovo/go/pkg/mod/golang.org/toolchain@v0.0.1-go1.23.9.windows-amd64/src/database/sql/sql.go:1568 +0x42\ndatabase/sql.(*DB).QueryContext(0x5fc040?, {0x718020?, 0x99a920?}, {0x69776b?, 0x0?}, {0xc0001cf888?, 0xc0001cf840?, 0x335a25?})\n\tC:/Users/Lenovo/go/pkg/mod/golang.org/toolchain@v0.0.1-go1.23.9.windows-amd64/src/database/sql/sql.go:1733 +0xc5\ndatabase/sql.(*DB).QueryRowContext(...)\n\tC:/Users/Lenovo/go/pkg/mod/golang.org/toolchain@v0.0.1-go1.23.9.windows-amd64/src/database/sql/sql.go:1834\ndatabase/sql.(*DB).QueryRow(0xc000186210?, {0x69776b?, 0xc00019e080?}, {0xc0001cf888?, 0x561326?, 0x16?})\n\tC:/Users/Lenovo/go/pkg/mod/golang.org/toolchain@v0.0.1-go1.23.9.windows-amd64/src/database/sql/sql.go:1848 +0x45\nAuthorization/internal/adapter/repository/postgres.(*PostgresUserRepository).GetUserByEmail(0xc000066340, {0xc000186210, 0x10})\n\tC:/Users/Lenovo/OneDrive/Рабочий стол/GTS/Authorization/internal/adapter/repository/postgres/user_postgres.go:18 +0x98\nAuthorization/internal/adapter/handler.(*Handler).LoginHandler(0xc00027df50, {0x7179b0, 0xc0001ba0e0}, 0xc000096640)\n\tC:/Users/Lenovo/OneDrive/Рабочий стол/GTS/Authorization/internal/adapter/handler/login.go:36 +0x11a\nnet/http.HandlerFunc.ServeHTTP(0xc0002fa0e0?, {0x7179b0?, 0xc0001ba0e0?}, 0x683859c2?)\n\tC:/Users/Lenovo/go/pkg/mod/golang.org/toolchain@v0.0.1-go1.23.9.windows-amd64/src/net/http/server.go:2220 +0x29\nnet/http.(*ServeMux).ServeHTTP(0x2ddae5?, {0x7179b0, 0xc0001ba0e0}, 0xc000096640)\n\tC:/Users/Lenovo/go/pkg/mod/golang.org/toolchain@v0.0.1-go1.23.9.windows-amd64/src/net/http/server.go:2747 +0x1ca\nnet/http.serverHandler.ServeHTTP({0x7165b8?}, {0x7179b0?, 0xc0001ba0e0?}, 0x6?)\n\tC:/Users/Lenovo/go/pkg/mod/golang.org/toolchain@v0.0.1-go1.23.9.windows-amd64/src/net/http/server.go:3210 +0x8e\nnet/http.(*conn).serve(0xc0001a61b0, {0x718258, 0xc000336420})\n\tC:/Users/Lenovo/go/pkg/mod/golang.org/toolchain@v0.0.1-go1.23.9.windows-amd64/src/net/http/server.go:2092 +0x5d0\ncreated by net/http.(*Server).Serve in goroutine 1\n\tC:/Users/Lenovo/go/pkg/mod/golang.org/toolchain@v0.0.1-go1.23.9.windows-amd64/src/net/http/server.go:3360 +0x485"
time=2025-05-29T22:08:29.402+05:00 level=ERROR msg="DB error" error="dial tcp [::1]:1234: connectex: No connection could be made because the target machine actively refused it."
time=2025-05-29T22:08:33.800+05:00 level=ERROR msg="DB error" error="dial tcp [::1]:1234: connectex: No connection could be made because the target machine actively refused it."
time=2025-05-29T22:08:53.558+05:00 level=ERROR msg="DB error" error="dial tcp [::1]:1234: connectex: No connection could be made because the target machine actively refused it."
time=2025-05-29T22:09:01.077+05:00 level=ERROR msg="DB error" error="dial tcp [::1]:1234: connectex: No connection could be made because the target machine actively refused it."
time=2025-05-30T09:15:11.408+05:00 level=ERROR msg="DB error" error="dial tcp [::1]:1234: connectex: No connection could be made because the target machine actively refused it."
time=2025-05-30T09:18:56.755+05:00 level=INFO msg="Server starting on http://localhost:8080"
time=2025-05-30T09:19:31.385+05:00 level=INFO msg="Пользователь зашел в аккаунт" email=admin2@gmail.com
time=2025-05-30T09:24:22.641+05:00 level=INFO msg="Пользователь вышел из аккаунта" email=admin2@gmail.com
time=2025-05-30T09:33:35.064+05:00 level=INFO msg="Пользователь зашел в аккаунт" email=author@gmail.com
time=2025-05-30T09:34:02.643+05:00 level=INFO msg="Автор отправил свою работу на проверку" автор=author@gmail.com
time=2025-05-30T09:34:11.896+05:00 level=INFO msg="Пользователь вышел из аккаунта" email=author@gmail.com
time=2025-05-30T09:34:18.531+05:00 level=INFO msg="Кто то пытался зайти в аккаунт. Пароль был не правильным" Аккаунт=moderator@gmail.com
time=2025-05-30T09:34:23.117+05:00 level=INFO msg="Кто то пытался зайти в аккаунт. Пароль был не правильным" Аккаунт=moderator@gmail.com
time=2025-05-30T09:34:32.711+05:00 level=INFO msg="Пользователь зашел в аккаунт" email=moder@gmail.com
time=2025-05-30T09:34:37.321+05:00 level=INFO msg="Модератор проверил и одобрил статью" модератор=moder@gmail.com
time=2025-05-30T09:34:57.282+05:00 level=INFO msg="Пользователь вышел из аккаунта" email=moder@gmail.com
time=2025-05-30T09:35:16.320+05:00 level=INFO msg="Пользователь зашел в аккаунт" email=author@gmail.com
time=2025-05-30T09:36:00.475+05:00 level=INFO msg="Пользователь вышел из аккаунта" email=author@gmail.com
time=2025-05-30T09:36:21.028+05:00 level=INFO msg="Пользователь зашел в аккаунт" email=admin2@gmail.com
time=2025-05-30T09:43:29.526+05:00 level=INFO msg="Админ создал пользователя" email=gg@gmail.com username=Genadi role=admin
time=2025-05-30T09:43:44.599+05:00 level=INFO msg="Пользователь вышел из аккаунта" email=admin2@gmail.com
time=2025-05-30T09:43:55.486+05:00 level=INFO msg="Кто то пытался зайти в аккаунт. Пароль был не правильным" Аккаунт=gg@gmail.com
time=2025-05-30T09:44:05.150+05:00 level=INFO msg="Пользователь зашел в аккаунт" email=gg@gmail.com
time=2025-05-30T09:44:22.766+05:00 level=INFO msg="Пользователь вышел из аккаунта" email=gg@gmail.com
time=2025-05-30T11:32:48.745+05:00 level=INFO msg="Server starting on http://localhost:8080"
time=2025-06-02T09:09:05.110+05:00 level=INFO msg="Server starting on http://localhost:8080"
time=2025-06-02T09:09:44.151+05:00 level=INFO msg="Пользователь зашел в аккаунт" email=admin2@gmail.com
time=2025-06-02T09:21:12.885+05:00 level=INFO msg="Server starting on http://localhost:8080"
time=2025-06-02T09:32:23.846+05:00 level=INFO msg="Server starting on http://localhost:8080"
time=2025-06-02T09:32:54.946+05:00 level=INFO msg="Пользователь зашел в аккаунт" email=admin2@gmail.com
time=2025-06-02T09:35:45.914+05:00 level=INFO msg="Server starting on http://localhost:8080"
time=2025-06-02T09:54:56.507+05:00 level=INFO msg="Пользователь вышел из аккаунта" email=admin2@gmail.com
time=2025-06-02T09:55:18.488+05:00 level=INFO msg="Пользователь зашел в аккаунт" email=author@gmail.com
time=2025-06-02T09:55:35.753+05:00 level=INFO msg="Был откланен опасный контент" отправитель=author@gmail.com
time=2025-06-02T09:55:42.923+05:00 level=INFO msg="Был откланен опасный контент" отправитель=author@gmail.com
time=2025-06-02T09:55:43.356+05:00 level=INFO msg="Был откланен опасный контент" отправитель=author@gmail.com
time=2025-06-02T09:55:43.524+05:00 level=INFO msg="Был откланен опасный контент" отправитель=author@gmail.com
time=2025-06-02T10:05:03.543+05:00 level=INFO msg="Пользователь вышел из аккаунта" email=author@gmail.com
time=2025-06-02T10:05:13.547+05:00 level=INFO msg="Пользователь зашел в аккаунт" email=admin2@gmail.com
time=2025-06-02T10:15:43.493+05:00 level=INFO msg="Server starting on http://localhost:8080"
time=2025-06-02T10:16:44.724+05:00 level=INFO msg="Server starting on http://localhost:8080"
time=2025-06-02T10:34:16.003+05:00 level=INFO msg="Server starting on http://localhost:8080"
time=2025-06-02T10:45:50.598+05:00 level=INFO msg="Server starting on http://localhost:8080"
time=2025-06-02T10:51:03.785+05:00 level=INFO msg="Server starting on http://localhost:8080"
time=2025-06-02T10:53:22.129+05:00 level=INFO msg="Server starting on http://localhost:8080"
time=2025-06-02T10:54:16.269+05:00 level=INFO msg="Server starting on http://localhost:8080"
time=2025-06-02T10:55:16.208+05:00 level=INFO msg="Server starting on http://localhost:8080"
time=2025-06-02T10:56:50.146+05:00 level=INFO msg="Пользователь вышел из аккаунта" email=admin2@gmail.com
time=2025-06-02T10:57:00.614+05:00 level=INFO msg="Пользователь зашел в аккаунт" email=author@gmail.com
time=2025-06-02T10:57:10.257+05:00 level=INFO msg="Пользователь вышел из аккаунта" email=author@gmail.com
time=2025-06-02T10:57:20.114+05:00 level=INFO msg="Пользователь зашел в аккаунт" email=admin2@gmail.com
time=2025-06-02T10:57:34.314+05:00 level=INFO msg="Пользователь вышел из аккаунта" email=admin2@gmail.com
time=2025-06-02T10:57:44.912+05:00 level=INFO msg="Пользователь зашел в аккаунт" email=author@gmail.com
time=2025-06-02T10:57:50.699+05:00 level=INFO msg="Пользователь вышел из аккаунта" email=author@gmail.com
time=2025-06-02T10:58:00.876+05:00 level=INFO msg="Пользователь зашел в аккаунт" email=admin2@gmail.com
time=2025-06-02T11:06:49.502+05:00 level=INFO msg="Пользователь вышел из аккаунта" email=admin2@gmail.com
time=2025-06-02T11:07:01.304+05:00 level=INFO msg="Пользователь зашел в аккаунт" email=author@gmail.com
time=2025-06-02T11:07:25.547+05:00 level=INFO msg="Пользователь вышел из аккаунта" email=author@gmail.com
time=2025-06-02T11:07:35.985+05:00 level=INFO msg="Пользователь зашел в аккаунт" email=admin2@gmail.com
time=2025-06-02T11:11:39.695+05:00 level=INFO msg="Server starting on http://localhost:8080"
time=2025-06-02T11:15:27.064+05:00 level=INFO msg="Server starting on http://localhost:8080"
time=2025-06-02T11:15:55.066+05:00 level=INFO msg="Пользователь вышел из аккаунта" email=admin2@gmail.com
time=2025-06-02T11:16:04.983+05:00 level=INFO msg="Пользователь зашел в аккаунт" email=admin2@gmail.com
time=2025-06-02T11:16:22.930+05:00 level=INFO msg="Пользователь вышел из аккаунта" email=admin2@gmail.com
time=2025-06-02T11:16:32.673+05:00 level=INFO msg="Пользователь зашел в аккаунт" email=admin2@gmail.com
time=2025-06-02T11:17:13.992+05:00 level=INFO msg="Server starting on http://localhost:8080"
time=2025-06-02T11:20:50.549+05:00 level=INFO msg="Пользователь вышел из аккаунта" email=admin2@gmail.com
time=2025-06-02T11:21:03.949+05:00 level=INFO msg="Пользователь зашел в аккаунт" email=author@gmail.com
time=2025-06-02T11:21:35.107+05:00 level=INFO msg="Был откланен опасный контент" отправитель=author@gmail.com
time=2025-06-02T11:27:56.948+05:00 level=INFO msg="Server starting on http://localhost:8080"
time=2025-06-02T11:28:05.573+05:00 level=INFO msg="Пользователь вышел из аккаунта" email=author@gmail.com
time=2025-06-02T11:28:13.829+05:00 level=INFO msg="Пользователь зашел в аккаунт" email=admin2@gmail.com
time=2025-06-02T11:28:19.257+05:00 level=INFO msg="Админ удалил пользователя" admin=<nil> пользователь=AdminUser
time=2025-06-02T11:29:21.248+05:00 level=INFO msg="Server starting on http://localhost:8080"
time=2025-06-02T11:29:35.408+05:00 level=INFO msg="Админ удалил пользователя" admin=admin2@gmail.com пользователь=KateP
